2024-02-19 17:39:59,563 - WARNING - Malicious domain detected: mous.midlandpaper.icu, Type: A
2024-02-19 17:39:59,563 - WARNING - Malicious domain detected: mous.midlandpaper.icu, Type: AAAA
2024-02-19 17:39:59,563 - WARNING - Malicious domain detected: mous.midlandpaper.icu, Type: A
2024-02-19 17:39:59,563 - WARNING - Malicious domain detected: mous.midlandpaper.icu, Type: AAAA
2024-02-19 17:39:59,564 - WARNING - Malicious domain detected: mous.midlandpaper.icu, Type: A
2024-02-19 17:39:59,564 - WARNING - Malicious domain detected: mous.midlandpaper.icu, Type: AAAA
2024-02-19 17:39:59,565 - WARNING - Malicious domain detected: mous.midlandpaper.icu, Type: AAAA
2024-02-19 17:39:59,565 - WARNING - Malicious domain detected: mous.midlandpaper.icu, Type: A
2024-02-19 17:39:59,565 - WARNING - Malicious domain detected: mous.midlandpaper.icu, Type: A
2024-02-19 17:39:59,565 - WARNING - Malicious domain detected: mous.midlandpaper.icu, Type: AAAA
2024-02-19 17:39:59,565 - WARNING - Malicious domain detected: mous.midlandpaper.icu, Type: A
2024-02-19 17:40:00,108 - WARNING - Malicious domain detected: mous.midlandpaper.icu, Type: AAAA
2024-02-19 17:40:00,109 - WARNING - Malicious domain detected: mous.midlandpaper.icu, Type: A
2024-02-19 17:40:00,109 - WARNING - Malicious domain detected: mous.midlandpaper.icu, Type: AAAA
2024-02-19 17:40:00,109 - WARNING - Malicious domain detected: mous.midlandpaper.icu, Type: A
2024-02-19 17:40:00,109 - WARNING - Malicious domain detected: mous.midlandpaper.icu, Type: AAAA
2024-02-19 17:40:00,109 - WARNING - Malicious domain detected: mous.midlandpaper.icu, Type: A
2024-02-19 17:40:00,109 - WARNING - Malicious domain detected: mous.midlandpaper.icu, Type: AAAA
2024-02-19 17:40:00,109 - WARNING - Malicious domain detected: mous.midlandpaper.icu, Type: AAAA
2024-02-19 17:40:00,109 - WARNING - Malicious domain detected: mous.midlandpaper.icu, Type: A
2024-02-19 17:40:00,109 - WARNING - Malicious domain detected: mous.midlandpaper.icu, Type: A
2024-02-19 17:40:00,109 - WARNING - Malicious domain detected: mous.midlandpaper.icu, Type: AAAA
2024-02-19 17:40:00,109 - WARNING - Malicious domain detected: mous.midlandpaper.icu, Type: AAAA
2024-02-19 17:40:00,110 - WARNING - Malicious domain detected: mous.midlandpaper.icu, Type: A
2024-02-19 17:40:00,110 - WARNING - Malicious domain detected: mous.midlandpaper.icu, Type: A
2024-02-19 17:40:00,110 - WARNING - Malicious domain detected: mous.midlandpaper.icu, Type: AAAA
2024-02-19 17:40:01,156 - WARNING - Malicious domain detected: mous.midlandpaper.icu, Type: A
2024-02-19 17:40:01,156 - WARNING - Malicious domain detected: mous.midlandpaper.icu, Type: AAAA
2024-02-19 17:40:01,157 - WARNING - Malicious domain detected: mous.midlandpaper.icu, Type: A
2024-02-19 17:40:01,157 - WARNING - Malicious domain detected: mous.midlandpaper.icu, Type: AAAA
2024-02-19 17:40:01,157 - WARNING - Malicious domain detected: mous.midlandpaper.icu, Type: A
2024-02-19 17:40:01,157 - WARNING - Malicious domain detected: mous.midlandpaper.icu, Type: AAAA
2024-02-19 17:40:01,157 - WARNING - Malicious domain detected: mous.midlandpaper.icu, Type: A
2024-02-19 17:40:01,157 - WARNING - Malicious domain detected: mous.midlandpaper.icu, Type: AAAA
2024-02-19 17:40:01,157 - WARNING - Malicious domain detected: mous.midlandpaper.icu, Type: AAAA
2024-02-19 17:40:01,158 - WARNING - Malicious domain detected: mous.midlandpaper.icu, Type: A
2024-02-19 17:40:01,158 - WARNING - Malicious domain detected: mous.midlandpaper.icu, Type: A
2024-02-19 17:40:01,158 - WARNING - Malicious domain detected: mous.midlandpaper.icu, Type: AAAA
2024-02-19 17:40:01,158 - WARNING - Malicious domain detected: mous.midlandpaper.icu, Type: AAAA
2024-02-19 17:40:01,158 - WARNING - Malicious domain detected: mous.midlandpaper.icu, Type: A
2024-02-19 17:40:01,158 - WARNING - Malicious domain detected: mous.midlandpaper.icu, Type: A
2024-02-19 17:40:01,158 - WARNING - Malicious domain detected: mous.midlandpaper.icu, Type: AAAA
2024-02-19 17:40:01,158 - WARNING - Malicious domain detected: mous.midlandpaper.icu, Type: AAAA
2024-02-19 17:40:36,391 - WARNING - Malicious domain detected: mous.midlandpaper.icu, Type: A
2024-02-19 17:40:36,393 - WARNING - Malicious domain detected: mous.midlandpaper.icu, Type: A
2024-02-19 17:40:36,394 - WARNING - Malicious domain detected: mous.midlandpaper.icu, Type: AAAA
2024-02-19 17:40:36,394 - WARNING - Malicious domain detected: mous.midlandpaper.icu, Type: AAAA
2024-02-19 17:40:36,394 - WARNING - Malicious domain detected: mous.midlandpaper.icu, Type: A
2024-02-19 17:46:18,432 - WARNING - Malicious domain detected: saldanha.top, Type: A
2024-02-19 17:46:18,433 - WARNING - Malicious domain detected: saldanha.top, Type: AAAA
2024-02-19 17:46:18,433 - WARNING - Malicious domain detected: saldanha.top, Type: AAAA
2024-02-19 17:46:18,433 - WARNING - Malicious domain detected: saldanha.top, Type: A
2024-02-19 17:46:18,433 - WARNING - Malicious domain detected: jwgruop.com, Type: A
2024-02-19 17:46:18,433 - WARNING - Malicious domain detected: jwgruop.com, Type: AAAA
2024-02-19 17:46:18,433 - WARNING - Malicious domain detected: jwgruop.com, Type: AAAA
2024-02-19 17:46:18,433 - WARNING - Malicious domain detected: jwgruop.com, Type: A
2024-02-19 17:46:18,433 - WARNING - Malicious domain detected: jwgruop.com, Type: A
2024-02-19 17:46:18,433 - WARNING - Malicious domain detected: jwgruop.com, Type: AAAA
2024-02-19 17:46:18,433 - WARNING - Malicious domain detected: jwgruop.com, Type: A
2024-02-19 17:46:18,433 - WARNING - Malicious domain detected: jwgruop.com, Type: AAAA
2024-02-19 17:46:18,433 - WARNING - Malicious domain detected: jwgruop.com, Type: A
2024-02-19 17:46:18,433 - WARNING - Malicious domain detected: jwgruop.com, Type: AAAA
2024-02-19 17:46:18,433 - WARNING - Malicious domain detected: jwgruop.com, Type: A
2024-02-19 17:46:18,433 - WARNING - Malicious domain detected: jwgruop.com, Type: AAAA
2024-02-19 17:46:18,945 - WARNING - Malicious domain detected: jwgruop.com, Type: A
2024-02-19 17:46:18,945 - WARNING - Malicious domain detected: jwgruop.com, Type: AAAA
2024-02-19 17:46:18,945 - WARNING - Malicious domain detected: jwgruop.com, Type: A
2024-02-19 17:46:18,945 - WARNING - Malicious domain detected: jwgruop.com, Type: AAAA
2024-02-19 17:46:18,946 - WARNING - Malicious domain detected: jwgruop.com, Type: A
2024-02-19 17:46:18,946 - WARNING - Malicious domain detected: jwgruop.com, Type: AAAA
2024-02-19 17:46:18,946 - WARNING - Malicious domain detected: jwgruop.com, Type: A
2024-02-19 17:46:18,946 - WARNING - Malicious domain detected: jwgruop.com, Type: AAAA
2024-02-19 17:46:18,946 - WARNING - Malicious domain detected: jwgruop.com, Type: AAAA
2024-02-19 17:46:18,946 - WARNING - Malicious domain detected: jwgruop.com, Type: A
2024-02-19 17:46:18,946 - WARNING - Malicious domain detected: jwgruop.com, Type: A
2024-02-19 17:46:18,946 - WARNING - Malicious domain detected: jwgruop.com, Type: AAAA
2024-02-19 17:46:18,946 - WARNING - Malicious domain detected: jwgruop.com, Type: A
2024-02-19 17:46:18,946 - WARNING - Malicious domain detected: jwgruop.com, Type: AAAA
2024-02-19 17:46:18,946 - WARNING - Malicious domain detected: jwgruop.com, Type: A
2024-02-19 17:46:18,946 - WARNING - Malicious domain detected: jwgruop.com, Type: AAAA
2024-02-19 17:46:18,947 - WARNING - Malicious domain detected: jwgruop.com, Type: A
2024-02-19 17:46:18,947 - WARNING - Malicious domain detected: jwgruop.com, Type: AAAA
2024-02-19 17:46:18,947 - WARNING - Malicious domain detected: jwgruop.com, Type: A
2024-02-19 17:46:18,947 - WARNING - Malicious domain detected: jwgruop.com, Type: AAAA
2024-02-19 17:46:19,462 - WARNING - Malicious domain detected: jwgruop.com, Type: A
2024-02-19 17:46:19,462 - WARNING - Malicious domain detected: jwgruop.com, Type: AAAA
2024-02-19 17:46:19,463 - WARNING - Malicious domain detected: jwgruop.com, Type: AAAA
2024-02-19 17:46:19,463 - WARNING - Malicious domain detected: jwgruop.com, Type: A
2024-02-19 17:46:19,463 - WARNING - Malicious domain detected: jwgruop.com, Type: A
2024-02-19 17:46:19,463 - WARNING - Malicious domain detected: jwgruop.com, Type: AAAA
2024-02-19 17:46:19,463 - WARNING - Malicious domain detected: jwgruop.com, Type: AAAA
2024-02-19 17:46:19,463 - WARNING - Malicious domain detected: jwgruop.com, Type: A
2024-02-19 17:46:19,463 - WARNING - Malicious domain detected: jwgruop.com, Type: AAAA
2024-02-19 17:46:19,463 - WARNING - Malicious domain detected: jwgruop.com, Type: A
2024-02-19 17:46:19,463 - WARNING - Malicious domain detected: jwgruop.com, Type: A
2024-02-19 17:46:19,463 - WARNING - Malicious domain detected: jwgruop.com, Type: AAAA
2024-02-19 17:46:19,463 - WARNING - Malicious domain detected: jwgruop.com, Type: A
2024-02-19 17:46:19,463 - WARNING - Malicious domain detected: jwgruop.com, Type: AAAA
2024-02-19 17:46:19,463 - WARNING - Malicious domain detected: jwgruop.com, Type: AAAA
2024-02-19 17:46:19,464 - WARNING - Malicious domain detected: jwgruop.com, Type: A
2024-02-19 17:46:19,464 - WARNING - Malicious domain detected: jwgruop.com, Type: A
2024-02-19 17:46:19,464 - WARNING - Malicious domain detected: jwgruop.com, Type: AAAA
2024-02-19 17:46:19,464 - WARNING - Malicious domain detected: jwgruop.com, Type: A
2024-02-19 17:46:19,987 - WARNING - Malicious domain detected: jwgruop.com, Type: AAAA
2024-02-19 17:46:19,987 - WARNING - Malicious domain detected: jwgruop.com, Type: A
2024-02-19 17:46:19,987 - WARNING - Malicious domain detected: jwgruop.com, Type: AAAA
2024-02-19 17:46:19,987 - WARNING - Malicious domain detected: jwgruop.com, Type: A
2024-02-19 17:46:19,987 - WARNING - Malicious domain detected: jwgruop.com, Type: AAAA
2024-02-19 17:46:19,988 - WARNING - Malicious domain detected: jwgruop.com, Type: AAAA
2024-02-19 17:46:19,989 - WARNING - Malicious domain detected: jwgruop.com, Type: A
2024-02-19 17:46:19,989 - WARNING - Malicious domain detected: jwgruop.com, Type: AAAA
2024-02-19 17:46:19,989 - WARNING - Malicious domain detected: jwgruop.com, Type: A
2024-02-19 17:46:19,989 - WARNING - Malicious domain detected: jwgruop.com, Type: A
2024-02-19 17:46:19,989 - WARNING - Malicious domain detected: jwgruop.com, Type: AAAA
2024-02-19 17:46:19,989 - WARNING - Malicious domain detected: jwgruop.com, Type: AAAA
2024-02-19 17:46:19,989 - WARNING - Malicious domain detected: jwgruop.com, Type: A
2024-02-19 17:46:19,989 - WARNING - Malicious domain detected: jwgruop.com, Type: AAAA
2024-02-19 17:46:19,989 - WARNING - Malicious domain detected: jwgruop.com, Type: A
2024-02-19 17:46:19,989 - WARNING - Malicious domain detected: jwgruop.com, Type: A
2024-02-19 17:46:19,989 - WARNING - Malicious domain detected: jwgruop.com, Type: AAAA
2024-02-19 17:46:19,989 - WARNING - Malicious domain detected: jwgruop.com, Type: AAAA
2024-02-19 17:46:19,989 - WARNING - Malicious domain detected: jwgruop.com, Type: A
2024-02-19 17:46:19,989 - WARNING - Malicious domain detected: jwgruop.com, Type: AAAA
2024-02-19 17:46:19,990 - WARNING - Malicious domain detected: jwgruop.com, Type: A
2024-02-19 17:46:19,991 - WARNING - Malicious domain detected: jwgruop.com, Type: A
2024-02-19 17:46:19,991 - WARNING - Malicious domain detected: jwgruop.com, Type: AAAA
2024-02-19 17:46:19,991 - WARNING - Malicious domain detected: jwgruop.com, Type: A
2024-02-19 17:46:19,992 - WARNING - Malicious domain detected: jwgruop.com, Type: AAAA
2024-02-19 17:46:19,992 - WARNING - Malicious domain detected: jwgruop.com, Type: A
2024-02-19 17:46:19,992 - WARNING - Malicious domain detected: jwgruop.com, Type: AAAA
2024-02-19 17:46:19,992 - WARNING - Malicious domain detected: jwgruop.com, Type: A
2024-02-19 17:46:19,992 - WARNING - Malicious domain detected: jwgruop.com, Type: AAAA
2024-02-19 17:46:19,992 - WARNING - Malicious domain detected: jwgruop.com, Type: A
2024-02-19 17:46:19,992 - WARNING - Malicious domain detected: jwgruop.com, Type: AAAA
2024-02-19 17:46:19,992 - WARNING - Malicious domain detected: jwgruop.com, Type: A
2024-02-19 17:46:19,992 - WARNING - Malicious domain detected: jwgruop.com, Type: AAAA
2024-02-19 17:46:19,992 - WARNING - Malicious domain detected: jwgruop.com, Type: A
2024-02-19 17:46:19,992 - WARNING - Malicious domain detected: jwgruop.com, Type: AAAA
2024-02-19 17:46:19,992 - WARNING - Malicious domain detected: jwgruop.com, Type: A
2024-02-19 17:46:19,994 - WARNING - Malicious domain detected: jwgruop.com, Type: AAAA
2024-02-19 17:46:19,994 - WARNING - Malicious domain detected: jwgruop.com, Type: A
2024-02-19 17:46:21,025 - WARNING - Malicious domain detected: jwgruop.com, Type: AAAA
2024-02-19 17:46:21,025 - WARNING - Malicious domain detected: jwgruop.com, Type: A
2024-02-19 17:46:21,025 - WARNING - Malicious domain detected: jwgruop.com, Type: AAAA
2024-02-19 17:46:21,026 - WARNING - Malicious domain detected: jwgruop.com, Type: A
2024-02-19 17:46:21,026 - WARNING - Malicious domain detected: jwgruop.com, Type: A
2024-02-19 17:46:21,026 - WARNING - Malicious domain detected: jwgruop.com, Type: AAAA
2024-02-19 17:46:21,026 - WARNING - Malicious domain detected: jwgruop.com, Type: AAAA
2024-02-19 17:46:26,181 - WARNING - Malicious domain detected: cncdevelopment.org, Type: A
2024-02-19 17:46:26,181 - WARNING - Malicious domain detected: cncdevelopment.org, Type: AAAA
2024-02-19 17:46:26,181 - WARNING - Malicious domain detected: cncdevelopment.org, Type: A
2024-02-19 17:46:26,181 - WARNING - Malicious domain detected: cncdevelopment.org, Type: AAAA
2024-02-19 17:46:26,181 - WARNING - Malicious domain detected: cncdevelopment.org, Type: A
2024-02-19 17:46:26,181 - WARNING - Malicious domain detected: cncdevelopment.org, Type: AAAA
2024-02-19 17:46:26,181 - WARNING - Malicious domain detected: cncdevelopment.org, Type: AAAA
2024-02-19 17:46:26,181 - WARNING - Malicious domain detected: cncdevelopment.org, Type: A
2024-02-19 17:46:26,181 - WARNING - Malicious domain detected: cncdevelopment.org, Type: A
2024-02-19 17:46:26,181 - WARNING - Malicious domain detected: cncdevelopment.org, Type: AAAA
2024-02-19 17:46:26,182 - WARNING - Malicious domain detected: cncdevelopment.org, Type: AAAA
2024-02-19 17:46:26,182 - WARNING - Malicious domain detected: cncdevelopment.org, Type: A
2024-02-19 17:46:26,182 - WARNING - Malicious domain detected: cncdevelopment.org, Type: A
2024-02-19 17:46:26,182 - WARNING - Malicious domain detected: cncdevelopment.org, Type: AAAA
2024-02-19 17:46:26,708 - WARNING - Malicious domain detected: cncdevelopment.org, Type: AAAA
2024-02-19 17:46:26,708 - WARNING - Malicious domain detected: cncdevelopment.org, Type: A
2024-02-19 17:46:26,712 - WARNING - Malicious domain detected: cncdevelopment.org, Type: A
2024-02-19 17:46:26,712 - WARNING - Malicious domain detected: cncdevelopment.org, Type: AAAA
2024-02-19 17:46:26,712 - WARNING - Malicious domain detected: cncdevelopment.org, Type: AAAA
2024-02-19 17:46:26,712 - WARNING - Malicious domain detected: cncdevelopment.org, Type: A
2024-02-19 17:46:26,712 - WARNING - Malicious domain detected: cncdevelopment.org, Type: A
2024-02-19 17:46:26,712 - WARNING - Malicious domain detected: cncdevelopment.org, Type: AAAA
2024-02-19 17:46:26,712 - WARNING - Malicious domain detected: cncdevelopment.org, Type: AAAA
2024-02-19 17:46:26,712 - WARNING - Malicious domain detected: cncdevelopment.org, Type: A
2024-02-19 17:46:26,712 - WARNING - Malicious domain detected: cncdevelopment.org, Type: A
2024-02-19 17:46:26,712 - WARNING - Malicious domain detected: cncdevelopment.org, Type: AAAA
2024-02-19 17:46:26,712 - WARNING - Malicious domain detected: cncdevelopment.org, Type: AAAA
2024-02-19 17:46:26,712 - WARNING - Malicious domain detected: cncdevelopment.org, Type: A
2024-02-19 17:46:26,714 - WARNING - Malicious domain detected: cncdevelopment.org, Type: A
2024-02-19 17:46:26,714 - WARNING - Malicious domain detected: cncdevelopment.org, Type: AAAA
2024-02-19 17:46:27,745 - WARNING - Malicious domain detected: cncdevelopment.org, Type: AAAA
2024-02-19 17:46:27,745 - WARNING - Malicious domain detected: cncdevelopment.org, Type: A
2024-02-19 17:47:10,909 - WARNING - Malicious domain detected: xzballbearings.com, Type: A
2024-02-19 17:47:10,909 - WARNING - Malicious domain detected: xzballbearings.com, Type: AAAA
2024-02-19 17:47:10,909 - WARNING - Malicious domain detected: xzballbearings.com, Type: AAAA
2024-02-19 17:47:10,909 - WARNING - Malicious domain detected: xzballbearings.com, Type: A
2024-02-19 17:47:10,909 - WARNING - Malicious domain detected: xzballbearings.com, Type: AAAA
2024-02-19 17:47:10,909 - WARNING - Malicious domain detected: xzballbearings.com, Type: A
2024-02-19 17:47:10,909 - WARNING - Malicious domain detected: elektracofee.com, Type: A
2024-02-19 17:47:10,909 - WARNING - Malicious domain detected: elektracofee.com, Type: AAAA
2024-02-19 17:47:10,909 - WARNING - Malicious domain detected: xzballbearings.com, Type: A
2024-02-19 17:47:10,909 - WARNING - Malicious domain detected: xzballbearings.com, Type: AAAA
2024-02-19 17:47:10,910 - WARNING - Malicious domain detected: elektracofee.com, Type: A
2024-02-19 17:47:10,910 - WARNING - Malicious domain detected: elektracofee.com, Type: AAAA
2024-02-19 17:47:10,910 - WARNING - Malicious domain detected: xzballbearings.com, Type: A
2024-02-19 17:47:10,910 - WARNING - Malicious domain detected: xzballbearings.com, Type: AAAA
2024-02-19 17:47:10,910 - WARNING - Malicious domain detected: elektracofee.com, Type: A
2024-02-19 17:47:10,910 - WARNING - Malicious domain detected: elektracofee.com, Type: AAAA
2024-02-19 17:47:24,980 - WARNING - Malicious domain detected: xzballbearings.com, Type: A
2024-02-19 17:47:24,982 - WARNING - Malicious domain detected: xzballbearings.com, Type: AAAA
2024-02-19 17:47:24,982 - WARNING - Malicious domain detected: elektracofee.com, Type: A
2024-02-19 17:47:24,982 - WARNING - Malicious domain detected: elektracofee.com, Type: AAAA
2024-02-19 17:47:24,982 - WARNING - Malicious domain detected: xzballbearings.com, Type: A
2024-02-19 17:47:24,982 - WARNING - Malicious domain detected: elektracofee.com, Type: AAAA
2024-02-19 17:47:24,983 - WARNING - Malicious domain detected: elektracofee.com, Type: A
2024-02-19 17:47:24,983 - WARNING - Malicious domain detected: xzballbearings.com, Type: A
2024-02-19 17:47:24,983 - WARNING - Malicious domain detected: xzballbearings.com, Type: AAAA
2024-02-19 17:47:24,983 - WARNING - Malicious domain detected: elektracofee.com, Type: AAAA
2024-02-19 17:47:24,983 - WARNING - Malicious domain detected: elektracofee.com, Type: A
2024-02-19 17:47:24,983 - WARNING - Malicious domain detected: xzballbearings.com, Type: A
2024-02-19 17:47:24,983 - WARNING - Malicious domain detected: xzballbearings.com, Type: AAAA
2024-02-19 17:47:24,983 - WARNING - Malicious domain detected: elektracofee.com, Type: AAAA
2024-02-19 17:47:24,983 - WARNING - Malicious domain detected: xzballbearings.com, Type: AAAA
2024-02-19 17:47:26,100 - WARNING - Malicious domain detected: elektracofee.com, Type: AAAA
2024-02-19 17:47:26,100 - WARNING - Malicious domain detected: stranbild.xyz, Type: A
2024-02-19 17:47:26,100 - WARNING - Malicious domain detected: stranbild.xyz, Type: AAAA
2024-02-19 17:47:26,100 - WARNING - Malicious domain detected: stranbild.xyz, Type: AAAA
2024-02-19 17:47:26,100 - WARNING - Malicious domain detected: stranbild.xyz, Type: A
2024-02-19 17:47:26,100 - WARNING - Malicious domain detected: stranbild.xyz, Type: A
2024-02-19 17:47:26,100 - WARNING - Malicious domain detected: stranbild.xyz, Type: AAAA
2024-02-19 17:47:26,101 - WARNING - Malicious domain detected: stranbild.xyz, Type: A
2024-02-19 17:47:26,101 - WARNING - Malicious domain detected: stranbild.xyz, Type: AAAA
2024-02-19 17:47:26,101 - WARNING - Malicious domain detected: stranbild.xyz, Type: A
2024-02-19 17:47:26,101 - WARNING - Malicious domain detected: stranbild.xyz, Type: AAAA
2024-02-19 17:47:26,101 - WARNING - Malicious domain detected: stranbild.xyz, Type: AAAA
2024-02-19 17:47:26,101 - WARNING - Malicious domain detected: stranbild.xyz, Type: A
2024-02-19 17:47:26,101 - WARNING - Malicious domain detected: stranbild.xyz, Type: A
2024-02-19 17:47:26,101 - WARNING - Malicious domain detected: stranbild.xyz, Type: AAAA
2024-02-19 17:47:26,101 - WARNING - Malicious domain detected: stranbild.xyz, Type: AAAA
2024-02-19 17:47:26,102 - WARNING - Malicious domain detected: stranbild.xyz, Type: A
2024-02-19 17:47:27,202 - WARNING - Malicious domain detected: stranbild.xyz, Type: A
2024-02-19 17:47:27,202 - WARNING - Malicious domain detected: stranbild.xyz, Type: AAAA
2024-02-19 17:47:27,202 - WARNING - Malicious domain detected: stranbild.xyz, Type: AAAA
2024-02-19 17:47:27,202 - WARNING - Malicious domain detected: stranbild.xyz, Type: A
2024-02-19 17:47:27,202 - WARNING - Malicious domain detected: stranbild.xyz, Type: A
2024-02-19 17:47:27,202 - WARNING - Malicious domain detected: stranbild.xyz, Type: AAAA
2024-02-19 17:47:27,202 - WARNING - Malicious domain detected: stranbild.xyz, Type: AAAA
2024-02-19 17:47:27,202 - WARNING - Malicious domain detected: stranbild.xyz, Type: A
2024-02-19 17:47:27,202 - WARNING - Malicious domain detected: stranbild.xyz, Type: A
2024-02-19 17:47:27,202 - WARNING - Malicious domain detected: stranbild.xyz, Type: AAAA
2024-02-19 17:47:27,202 - WARNING - Malicious domain detected: stranbild.xyz, Type: AAAA
2024-02-19 17:47:27,202 - WARNING - Malicious domain detected: stranbild.xyz, Type: A
2024-02-19 17:47:27,202 - WARNING - Malicious domain detected: stranbild.xyz, Type: A
2024-02-19 17:47:27,202 - WARNING - Malicious domain detected: stranbild.xyz, Type: AAAA
2024-02-19 17:47:27,202 - WARNING - Malicious domain detected: stranbild.xyz, Type: AAAA
2024-02-19 17:47:27,202 - WARNING - Malicious domain detected: stranbild.xyz, Type: A
2024-02-19 17:47:28,265 - WARNING - Malicious domain detected: elektracofee.com, Type: A
2024-02-19 18:47:49,771 - WARNING - Malicious domain detected: tceducn.com, Type: A
2024-02-19 18:47:49,772 - WARNING - Malicious domain detected: tceducn.com, Type: AAAA
2024-02-19 18:47:49,772 - WARNING - Malicious domain detected: freepalestine.top, Type: A
2024-02-19 18:47:49,772 - WARNING - Malicious domain detected: freepalestine.top, Type: AAAA
2024-02-19 18:47:49,772 - WARNING - Malicious domain detected: freepalestine.top, Type: A
2024-02-19 18:47:49,772 - WARNING - Malicious domain detected: freepalestine.top, Type: AAAA
2024-02-19 18:47:49,772 - WARNING - Malicious domain detected: tceducn.com, Type: AAAA
2024-02-19 18:47:49,773 - WARNING - Malicious domain detected: freepalestine.top, Type: A
2024-02-19 18:47:49,773 - WARNING - Malicious domain detected: freepalestine.top, Type: AAAA
2024-02-19 18:47:49,773 - WARNING - Malicious domain detected: freepalestine.top, Type: AAAA
2024-02-19 18:47:49,773 - WARNING - Malicious domain detected: freepalestine.top, Type: A
2024-02-19 18:47:49,773 - WARNING - Malicious domain detected: freepalestine.top, Type: A
2024-02-19 18:47:49,773 - WARNING - Malicious domain detected: freepalestine.top, Type: AAAA
2024-02-19 18:47:49,773 - WARNING - Malicious domain detected: freepalestine.top, Type: AAAA
2024-02-19 18:47:50,785 - WARNING - Malicious domain detected: freepalestine.top, Type: A
2024-02-19 18:47:50,785 - WARNING - Malicious domain detected: freepalestine.top, Type: A
2024-02-19 18:47:50,785 - WARNING - Malicious domain detected: freepalestine.top, Type: AAAA
2024-02-19 18:47:50,786 - WARNING - Malicious domain detected: freepalestine.top, Type: AAAA
2024-02-19 18:47:50,786 - WARNING - Malicious domain detected: freepalestine.top, Type: A
2024-02-19 18:47:50,786 - WARNING - Malicious domain detected: tceducn.com, Type: A
2024-02-19 18:48:11,521 - WARNING - Malicious domain detected: tceducn.com, Type: A
2024-02-19 18:48:11,531 - WARNING - Malicious domain detected: tceducn.com, Type: AAAA
2024-02-19 18:48:11,531 - WARNING - Malicious domain detected: tceducn.com, Type: AAAA
2024-02-19 18:48:11,531 - WARNING - Malicious domain detected: tceducn.com, Type: A
2024-02-19 18:48:11,531 - WARNING - Malicious domain detected: tceducn.com, Type: AAAA
2024-02-19 18:48:11,531 - WARNING - Malicious domain detected: tceducn.com, Type: A
2024-02-19 18:48:11,536 - WARNING - Malicious domain detected: tceducn.com, Type: AAAA
2024-02-19 18:48:11,537 - WARNING - Malicious domain detected: tceducn.com, Type: A
2024-02-19 18:48:11,537 - WARNING - Malicious domain detected: tceducn.com, Type: AAAA
2024-02-19 18:48:11,538 - WARNING - Malicious domain detected: tceducn.com, Type: AAAA
2024-02-19 18:48:11,538 - WARNING - Malicious domain detected: tceducn.com, Type: A
2024-02-24 10:57:48,087 - WARNING - Malicious domain detected: stranbild.xyz, Type: A
2024-02-24 10:57:48,093 - WARNING - Malicious domain detected: stranbild.xyz, Type: AAAA
2024-02-24 10:57:48,093 - WARNING - Malicious domain detected: stranbild.xyz, Type: A
2024-02-24 10:57:48,093 - WARNING - Malicious domain detected: stranbild.xyz, Type: AAAA
2024-02-24 10:57:48,093 - WARNING - Malicious domain detected: stranbild.xyz, Type: A
2024-02-24 10:57:48,093 - WARNING - Malicious domain detected: stranbild.xyz, Type: AAAA
2024-02-24 10:57:48,093 - WARNING - Malicious domain detected: stranbild.xyz, Type: AAAA
2024-02-24 10:57:48,674 - WARNING - Malicious domain detected: stranbild.xyz, Type: A
2024-02-24 10:57:48,674 - WARNING - Malicious domain detected: stranbild.xyz, Type: A
2024-02-24 10:57:48,674 - WARNING - Malicious domain detected: stranbild.xyz, Type: AAAA
2024-02-24 10:57:48,674 - WARNING - Malicious domain detected: stranbild.xyz, Type: A
2024-02-24 10:57:48,674 - WARNING - Malicious domain detected: stranbild.xyz, Type: AAAA
2024-02-24 10:57:48,674 - WARNING - Malicious domain detected: stranbild.xyz, Type: A
2024-02-24 10:57:48,674 - WARNING - Malicious domain detected: stranbild.xyz, Type: AAAA
2024-02-24 10:57:48,682 - WARNING - Malicious domain detected: stranbild.xyz, Type: AAAA
2024-02-24 10:57:48,682 - WARNING - Malicious domain detected: stranbild.xyz, Type: A
2024-02-24 10:57:48,682 - WARNING - Malicious domain detected: stranbild.xyz, Type: A
2024-02-24 10:57:48,682 - WARNING - Malicious domain detected: stranbild.xyz, Type: AAAA
2024-02-24 10:57:48,682 - WARNING - Malicious domain detected: stranbild.xyz, Type: AAAA
2024-02-24 10:57:48,683 - WARNING - Malicious domain detected: stranbild.xyz, Type: A
2024-02-24 10:57:48,683 - WARNING - Malicious domain detected: stranbild.xyz, Type: A
2024-02-24 10:57:48,683 - WARNING - Malicious domain detected: stranbild.xyz, Type: AAAA
2024-02-24 10:57:48,683 - WARNING - Malicious domain detected: stranbild.xyz, Type: AAAA
2024-02-24 10:57:48,683 - WARNING - Malicious domain detected: stranbild.xyz, Type: A
2024-02-24 10:57:49,677 - WARNING - Malicious domain detected: stranbild.xyz, Type: A
2024-02-24 10:57:49,677 - WARNING - Malicious domain detected: stranbild.xyz, Type: AAAA
2024-02-24 10:57:49,677 - WARNING - Malicious domain detected: stranbild.xyz, Type: AAAA
2024-02-24 10:57:49,677 - WARNING - Malicious domain detected: stranbild.xyz, Type: A
2024-02-24 10:57:49,677 - WARNING - Malicious domain detected: stranbild.xyz, Type: A
2024-02-24 10:57:49,677 - WARNING - Malicious domain detected: stranbild.xyz, Type: AAAA
2024-02-24 10:57:49,678 - WARNING - Malicious domain detected: stranbild.xyz, Type: A
2024-02-24 10:57:49,678 - WARNING - Malicious domain detected: stranbild.xyz, Type: AAAA
2024-02-24 10:58:09,166 - WARNING - Malicious domain detected: moodelstore.tel, Type: A
2024-02-24 10:58:09,166 - WARNING - Malicious domain detected: moodelstore.tel, Type: AAAA
2024-02-24 10:58:09,166 - WARNING - Malicious domain detected: moodelstore.tel, Type: AAAA
2024-02-24 10:58:09,166 - WARNING - Malicious domain detected: moodelstore.tel, Type: A
2024-02-24 10:58:09,166 - WARNING - Malicious domain detected: moodelstore.tel, Type: A
2024-02-24 10:58:09,166 - WARNING - Malicious domain detected: moodelstore.tel, Type: AAAA
2024-02-24 10:58:09,166 - WARNING - Malicious domain detected: jay.ransomproducts.top, Type: A
2024-02-24 10:58:09,166 - WARNING - Malicious domain detected: jay.ransomproducts.top, Type: AAAA
2024-02-24 10:58:09,166 - WARNING - Malicious domain detected: jay.ransomproducts.top, Type: AAAA
2024-02-24 10:58:09,166 - WARNING - Malicious domain detected: jay.ransomproducts.top, Type: A
2024-02-24 10:58:09,167 - WARNING - Malicious domain detected: jay.ransomproducts.top, Type: A
2024-02-24 10:58:09,167 - WARNING - Malicious domain detected: jay.ransomproducts.top, Type: AAAA
2024-02-24 10:58:09,167 - WARNING - Malicious domain detected: jay.ransomproducts.top, Type: AAAA
2024-02-24 10:58:10,204 - WARNING - Malicious domain detected: jay.ransomproducts.top, Type: A
2024-02-24 10:58:10,206 - WARNING - Malicious domain detected: jay.ransomproducts.top, Type: A
2024-02-24 10:58:10,207 - WARNING - Malicious domain detected: jay.ransomproducts.top, Type: AAAA
2024-02-24 10:58:10,207 - WARNING - Malicious domain detected: jay.ransomproducts.top, Type: A
2024-02-24 10:58:10,207 - WARNING - Malicious domain detected: jay.ransomproducts.top, Type: AAAA
2024-02-24 10:58:10,207 - WARNING - Malicious domain detected: jay.ransomproducts.top, Type: A
2024-02-24 10:58:10,207 - WARNING - Malicious domain detected: jay.ransomproducts.top, Type: AAAA
2024-02-24 10:58:10,207 - WARNING - Malicious domain detected: jay.ransomproducts.top, Type: AAAA
2024-02-24 10:58:10,207 - WARNING - Malicious domain detected: jay.ransomproducts.top, Type: A
2024-02-24 10:58:10,207 - WARNING - Malicious domain detected: jay.ransomproducts.top, Type: A
2024-02-24 10:58:10,207 - WARNING - Malicious domain detected: jay.ransomproducts.top, Type: AAAA
2024-02-24 10:58:10,207 - WARNING - Malicious domain detected: jay.ransomproducts.top, Type: AAAA
2024-02-24 10:58:10,207 - WARNING - Malicious domain detected: jay.ransomproducts.top, Type: A
2024-02-24 10:58:10,207 - WARNING - Malicious domain detected: jay.ransomproducts.top, Type: A
2024-02-24 10:58:10,207 - WARNING - Malicious domain detected: jay.ransomproducts.top, Type: AAAA
2024-02-24 10:58:11,217 - WARNING - Malicious domain detected: jay.ransomproducts.top, Type: A
2024-02-24 10:58:11,218 - WARNING - Malicious domain detected: jay.ransomproducts.top, Type: AAAA
2024-02-24 10:58:11,218 - WARNING - Malicious domain detected: jay.ransomproducts.top, Type: A
2024-02-24 10:58:11,218 - WARNING - Malicious domain detected: jay.ransomproducts.top, Type: AAAA
2024-02-24 10:58:11,218 - WARNING - Malicious domain detected: jay.ransomproducts.top, Type: A
2024-02-24 10:58:11,218 - WARNING - Malicious domain detected: jay.ransomproducts.top, Type: AAAA
2024-02-24 10:58:11,218 - WARNING - Malicious domain detected: jay.ransomproducts.top, Type: A
2024-02-24 10:58:11,218 - WARNING - Malicious domain detected: jay.ransomproducts.top, Type: AAAA
2024-02-24 10:58:11,218 - WARNING - Malicious domain detected: jay.ransomproducts.top, Type: A
2024-02-24 10:58:11,219 - WARNING - Malicious domain detected: jay.ransomproducts.top, Type: AAAA
2024-02-24 10:58:11,219 - WARNING - Malicious domain detected: jay.ransomproducts.top, Type: A
2024-02-24 10:58:11,219 - WARNING - Malicious domain detected: jay.ransomproducts.top, Type: AAAA
2024-02-24 10:58:11,219 - WARNING - Malicious domain detected: jay.ransomproducts.top, Type: A
2024-02-24 10:58:11,219 - WARNING - Malicious domain detected: jay.ransomproducts.top, Type: AAAA
2024-02-24 10:58:11,219 - WARNING - Malicious domain detected: jay.ransomproducts.top, Type: A
2024-02-24 10:58:11,219 - WARNING - Malicious domain detected: jay.ransomproducts.top, Type: AAAA
2024-02-24 10:58:23,727 - WARNING - Malicious domain detected: jay.ransomproducts.top, Type: AAAA
2024-02-24 10:58:23,727 - WARNING - Malicious domain detected: jay.ransomproducts.top, Type: A
2024-02-24 10:58:23,727 - WARNING - Malicious domain detected: jay.ransomproducts.top, Type: A
2024-02-24 10:58:23,727 - WARNING - Malicious domain detected: jay.ransomproducts.top, Type: AAAA
2024-02-24 10:58:23,727 - WARNING - Malicious domain detected: jay.ransomproducts.top, Type: AAAA
2024-02-24 10:58:23,727 - WARNING - Malicious domain detected: jay.ransomproducts.top, Type: A
2024-02-24 10:58:23,727 - WARNING - Malicious domain detected: jay.ransomproducts.top, Type: A
2024-02-24 10:58:23,728 - WARNING - Malicious domain detected: jay.ransomproducts.top, Type: AAAA
2024-02-24 10:58:23,728 - WARNING - Malicious domain detected: jay.ransomproducts.top, Type: A
2024-02-24 10:58:23,728 - WARNING - Malicious domain detected: jay.ransomproducts.top, Type: AAAA
2024-02-24 10:58:23,728 - WARNING - Malicious domain detected: moodelstore.tel, Type: AAAA
2024-02-24 10:58:23,728 - WARNING - Malicious domain detected: moodelstore.tel, Type: A
2024-02-24 10:58:23,728 - WARNING - Malicious domain detected: moodelstore.tel, Type: A
2024-02-24 10:58:23,728 - WARNING - Malicious domain detected: moodelstore.tel, Type: AAAA
2024-02-24 10:58:23,728 - WARNING - Malicious domain detected: moodelstore.tel, Type: A
2024-02-24 10:58:23,729 - WARNING - Malicious domain detected: moodelstore.tel, Type: A
2024-02-24 10:58:23,729 - WARNING - Malicious domain detected: moodelstore.tel, Type: AAAA
2024-02-24 10:58:23,729 - WARNING - Malicious domain detected: moodelstore.tel, Type: AAAA
2024-02-24 10:58:27,347 - WARNING - Malicious domain detected: moodelstore.tel, Type: A
2024-02-24 10:58:27,348 - WARNING - Malicious domain detected: smlpone.shop, Type: A
2024-02-24 10:58:27,348 - WARNING - Malicious domain detected: smlpone.shop, Type: AAAA
2024-02-24 10:58:27,348 - WARNING - Malicious domain detected: smlpone.shop, Type: A
2024-02-24 10:58:27,348 - WARNING - Malicious domain detected: smlpone.shop, Type: AAAA
2024-02-24 10:58:27,348 - WARNING - Malicious domain detected: smlpone.shop, Type: A
2024-02-24 10:58:27,348 - WARNING - Malicious domain detected: smlpone.shop, Type: AAAA
2024-02-24 10:58:27,349 - WARNING - Malicious domain detected: smlpone.shop, Type: A
2024-02-24 10:58:27,349 - WARNING - Malicious domain detected: smlpone.shop, Type: AAAA
2024-02-24 10:58:27,349 - WARNING - Malicious domain detected: smlpone.shop, Type: A
2024-02-24 10:58:27,349 - WARNING - Malicious domain detected: smlpone.shop, Type: AAAA
2024-02-24 10:58:27,349 - WARNING - Malicious domain detected: smlpone.shop, Type: AAAA
2024-02-24 10:58:27,349 - WARNING - Malicious domain detected: smlpone.shop, Type: A
2024-02-24 10:58:27,888 - WARNING - Malicious domain detected: smlpone.shop, Type: A
2024-02-24 10:58:27,888 - WARNING - Malicious domain detected: smlpone.shop, Type: AAAA
2024-02-24 10:58:27,888 - WARNING - Malicious domain detected: smlpone.shop, Type: A
2024-02-24 10:58:27,889 - WARNING - Malicious domain detected: smlpone.shop, Type: AAAA
2024-02-24 10:58:27,889 - WARNING - Malicious domain detected: smlpone.shop, Type: A
2024-02-24 10:58:27,889 - WARNING - Malicious domain detected: smlpone.shop, Type: AAAA
2024-02-24 10:58:27,889 - WARNING - Malicious domain detected: smlpone.shop, Type: A
2024-02-24 10:58:27,889 - WARNING - Malicious domain detected: smlpone.shop, Type: AAAA
2024-02-24 10:58:27,889 - WARNING - Malicious domain detected: smlpone.shop, Type: A
2024-02-24 10:58:27,889 - WARNING - Malicious domain detected: smlpone.shop, Type: AAAA
2024-02-24 10:58:27,889 - WARNING - Malicious domain detected: smlpone.shop, Type: A
2024-02-24 10:58:27,889 - WARNING - Malicious domain detected: smlpone.shop, Type: AAAA
2024-02-24 10:58:27,890 - WARNING - Malicious domain detected: smlpone.shop, Type: A
2024-02-24 10:58:27,890 - WARNING - Malicious domain detected: smlpone.shop, Type: AAAA
2024-02-24 10:58:27,890 - WARNING - Malicious domain detected: smlpone.shop, Type: A
2024-02-24 10:58:27,890 - WARNING - Malicious domain detected: smlpone.shop, Type: AAAA
2024-02-24 10:58:27,890 - WARNING - Malicious domain detected: smlpone.shop, Type: A
2024-02-24 10:58:27,890 - WARNING - Malicious domain detected: smlpone.shop, Type: AAAA
2024-02-24 10:58:28,399 - WARNING - Malicious domain detected: smlpone.shop, Type: AAAA
2024-02-24 10:58:28,399 - WARNING - Malicious domain detected: smlpone.shop, Type: A
2024-02-24 10:58:28,399 - WARNING - Malicious domain detected: moodelstore.tel, Type: AAAA
